<?xml version="1.0" encoding="UTF-8"?>
<coverage generated="1691511778186" clover="3.2.0">
  <project timestamp="1691511778186" name="All files">
    <metrics statements="10" coveredstatements="10" conditionals="12" coveredconditionals="12" methods="2" coveredmethods="2" elements="24" coveredelements="24" complexity="0" loc="10" ncloc="10" packages="1" files="1" classes="1"/>
    <file name="validate_calculate.js" path="C:\Users\athletics\Desktop\usiu\Summer 2023\Collaborative Software Dev\usiu-facility-booking-system\validate_calculate.js">
      <metrics statements="10" coveredstatements="10" conditionals="12" coveredconditionals="12" methods="2" coveredmethods="2"/>
      <line num="2" count="6" type="cond" truecount="4" falsecount="0"/>
      <line num="3" count="1" type="stmt"/>
      <line num="4" count="5" type="cond" truecount="4" falsecount="0"/>
      <line num="5" count="1" type="stmt"/>
      <line num="6" count="4" type="cond" truecount="4" falsecount="0"/>
      <line num="7" count="1" type="stmt"/>
      <line num="9" count="3" type="stmt"/>
      <line num="14" count="3" type="stmt"/>
      <line num="21" count="3" type="stmt"/>
      <line num="24" count="1" type="stmt"/>
    </file>
  </project>
</coverage>
