{"C:\\Users\\athletics\\Desktop\\usiu\\Summer 2023\\Collaborative Software Dev\\usiu-facility-booking-system\\validate_calculate.js": {"path":"C:\\Users\\athletics\\Desktop\\usiu\\Summer 2023\\Collaborative Software Dev\\usiu-facility-booking-system\\validate_calculate.js","statementMap":{"0":{"start":{"line":2,"column":4},"end":{"line":8,"column":5}},"1":{"start":{"line":3,"column":6},"end":{"line":3,"column":19}},"2":{"start":{"line":4,"column":11},"end":{"line":8,"column":5}},"3":{"start":{"line":5,"column":6},"end":{"line":5,"column":19}},"4":{"start":{"line":6,"column":11},"end":{"line":8,"column":5}},"5":{"start":{"line":7,"column":6},"end":{"line":7,"column":19}},"6":{"start":{"line":9,"column":4},"end":{"line":9,"column":16}},"7":{"start":{"line":14,"column":26},"end":{"line":18,"column":5}},"8":{"start":{"line":21,"column":4},"end":{"line":21,"column":43}},"9":{"start":{"line":24,"column":0},"end":{"line":24,"column":59}}},"fnMap":{"0":{"name":"validateCapacity","decl":{"start":{"line":1,"column":9},"end":{"line":1,"column":25}},"loc":{"start":{"line":1,"column":43},"end":{"line":10,"column":3}},"line":1},"1":{"name":"calculateEventCharges","decl":{"start":{"line":12,"column":9},"end":{"line":12,"column":30}},"loc":{"start":{"line":12,"column":48},"end":{"line":22,"column":3}},"line":12}},"branchMap":{"0":{"loc":{"start":{"line":2,"column":4},"end":{"line":8,"column":5}},"type":"if","locations":[{"start":{"line":2,"column":4},"end":{"line":8,"column":5}},{"start":{"line":4,"column":11},"end":{"line":8,"column":5}}],"line":2},"1":{"loc":{"start":{"line":2,"column":8},"end":{"line":2,"column":48}},"type":"binary-expr","locations":[{"start":{"line":2,"column":8},"end":{"line":2,"column":30}},{"start":{"line":2,"column":34},"end":{"line":2,"column":48}}],"line":2},"2":{"loc":{"start":{"line":4,"column":11},"end":{"line":8,"column":5}},"type":"if","locations":[{"start":{"line":4,"column":11},"end":{"line":8,"column":5}},{"start":{"line":6,"column":11},"end":{"line":8,"column":5}}],"line":4},"3":{"loc":{"start":{"line":4,"column":15},"end":{"line":4,"column":52}},"type":"binary-expr","locations":[{"start":{"line":4,"column":15},"end":{"line":4,"column":35}},{"start":{"line":4,"column":39},"end":{"line":4,"column":52}}],"line":4},"4":{"loc":{"start":{"line":6,"column":11},"end":{"line":8,"column":5}},"type":"if","locations":[{"start":{"line":6,"column":11},"end":{"line":8,"column":5}},{"start":{},"end":{}}],"line":6},"5":{"loc":{"start":{"line":6,"column":15},"end":{"line":6,"column":52}},"type":"binary-expr","locations":[{"start":{"line":6,"column":15},"end":{"line":6,"column":35}},{"start":{"line":6,"column":39},"end":{"line":6,"column":52}}],"line":6}},"s":{"0":6,"1":1,"2":5,"3":1,"4":4,"5":1,"6":3,"7":3,"8":3,"9":1},"f":{"0":6,"1":3},"b":{"0":[1,5],"1":[6,2],"2":[1,4],"3":[5,2],"4":[1,3],"5":[4,2]},"_coverageSchema":"1a1c01bbd47fc00a2c39e90264f33305004495a9","hash":"11f2525abb44d88b6fd3638e32e78d75a6225dbf"}
}
